{"total": {"lines":{"total":483,"covered":483,"skipped":0,"pct":100},"statements":{"total":483,"covered":483,"skipped":0,"pct":100},"functions":{"total":8,"covered":8,"skipped":0,"pct":100},"branches":{"total":18,"covered":18,"skipped":0,"pct":100},"branchesTrue":{"total":0,"covered":0,"skipped":0,"pct":100}}
,"/Users/lagden/_dev/old/htdocs/lab/js/module/@tadashi/svelte/_loading/src/lib/Loading.svelte": {"lines":{"total":45,"covered":45,"skipped":0,"pct":100},"functions":{"total":0,"covered":0,"skipped":0,"pct":100},"statements":{"total":45,"covered":45,"skipped":0,"pct":100},"branches":{"total":2,"covered":2,"skipped":0,"pct":100}}
,"/Users/lagden/_dev/old/htdocs/lab/js/module/@tadashi/svelte/_loading/src/lib/acts.js": {"lines":{"total":27,"covered":27,"skipped":0,"pct":100},"functions":{"total":4,"covered":4,"skipped":0,"pct":100},"statements":{"total":27,"covered":27,"skipped":0,"pct":100},"branches":{"total":8,"covered":8,"skipped":0,"pct":100}}
,"/Users/lagden/_dev/old/htdocs/lab/js/module/@tadashi/svelte/_loading/src/lib/index.js": {"lines":{"total":2,"covered":2,"skipped":0,"pct":100},"functions":{"total":0,"covered":0,"skipped":0,"pct":100},"statements":{"total":2,"covered":2,"skipped":0,"pct":100},"branches":{"total":0,"covered":0,"skipped":0,"pct":100}}
,"/Users/lagden/_dev/old/htdocs/lab/js/module/@tadashi/svelte/_loading/src/lib/store.js": {"lines":{"total":39,"covered":39,"skipped":0,"pct":100},"functions":{"total":4,"covered":4,"skipped":0,"pct":100},"statements":{"total":39,"covered":39,"skipped":0,"pct":100},"branches":{"total":8,"covered":8,"skipped":0,"pct":100}}
,"/Users/lagden/_dev/old/htdocs/lab/js/module/@tadashi/svelte/_loading/src/lib/loaders/ChaoticOrbit.svelte": {"lines":{"total":130,"covered":130,"skipped":0,"pct":100},"functions":{"total":0,"covered":0,"skipped":0,"pct":100},"statements":{"total":130,"covered":130,"skipped":0,"pct":100},"branches":{"total":0,"covered":0,"skipped":0,"pct":100}}
,"/Users/lagden/_dev/old/htdocs/lab/js/module/@tadashi/svelte/_loading/src/lib/loaders/Jelly.svelte": {"lines":{"total":89,"covered":89,"skipped":0,"pct":100},"functions":{"total":0,"covered":0,"skipped":0,"pct":100},"statements":{"total":89,"covered":89,"skipped":0,"pct":100},"branches":{"total":0,"covered":0,"skipped":0,"pct":100}}
,"/Users/lagden/_dev/old/htdocs/lab/js/module/@tadashi/svelte/_loading/src/lib/loaders/Ring.svelte": {"lines":{"total":47,"covered":47,"skipped":0,"pct":100},"functions":{"total":0,"covered":0,"skipped":0,"pct":100},"statements":{"total":47,"covered":47,"skipped":0,"pct":100},"branches":{"total":0,"covered":0,"skipped":0,"pct":100}}
,"/Users/lagden/_dev/old/htdocs/lab/js/module/@tadashi/svelte/_loading/src/lib/loaders/ThreeBody.svelte": {"lines":{"total":104,"covered":104,"skipped":0,"pct":100},"functions":{"total":0,"covered":0,"skipped":0,"pct":100},"statements":{"total":104,"covered":104,"skipped":0,"pct":100},"branches":{"total":0,"covered":0,"skipped":0,"pct":100}}
}
